[2025-11-28 10:19:32] local.ERROR: Class "App\Providers\URL" not found {"exception":"[object] (Error(code: 0): Class \"App\\Providers\\URL\" not found at /home/omarnafea/projects/moslimani-platform/Dashboard/app/Providers/AppServiceProvider.php:23)
[stacktrace]
#0 /home/omarnafea/projects/moslimani-platform/Dashboard/vendor/laravel/framework/src/Illuminate/Container/BoundMethod.php(36): App\\Providers\\AppServiceProvider->boot()
#1 /home/omarnafea/projects/moslimani-platform/Dashboard/vendor/laravel/framework/src/Illuminate/Container/Util.php(43): Illuminate\\Container\\BoundMethod::{closure:Illuminate\\Container\\BoundMethod::call():35}()
#2 /home/omarnafea/projects/moslimani-platform/Dashboard/vendor/laravel/framework/src/Illuminate/Container/BoundMethod.php(96): Illuminate\\Container\\Util::unwrapIfClosure(Object(Closure))
#3 /home/omarnafea/projects/moslimani-platform/Dashboard/vendor/laravel/framework/src/Illuminate/Container/BoundMethod.php(35): Illuminate\\Container\\BoundMethod::callBoundMethod(Object(Illuminate\\Foundation\\Application), Array, Object(Closure))
#4 /home/omarnafea/projects/moslimani-platform/Dashboard/vendor/laravel/framework/src/Illuminate/Container/Container.php(836): Illuminate\\Container\\BoundMethod::call(Object(Illuminate\\Foundation\\Application), Array, Array, NULL)
#5 /home/omarnafea/projects/moslimani-platform/Dashboard/vendor/laravel/framework/src/Illuminate/Foundation/Application.php(1151): Illuminate\\Container\\Container->call(Array)
#6 /home/omarnafea/projects/moslimani-platform/Dashboard/vendor/laravel/framework/src/Illuminate/Foundation/Application.php(1132): Illuminate\\Foundation\\Application->bootProvider(Object(App\\Providers\\AppServiceProvider))
#7 [internal function]: Illuminate\\Foundation\\Application->{closure:Illuminate\\Foundation\\Application::boot():1131}(Object(App\\Providers\\AppServiceProvider), 'App\\\\Providers\\\\A...')
#8 /home/omarnafea/projects/moslimani-platform/Dashboard/vendor/laravel/framework/src/Illuminate/Foundation/Application.php(1131): array_walk(Array, Object(Closure))
#9 /home/omarnafea/projects/moslimani-platform/Dashboard/vendor/laravel/framework/src/Illuminate/Foundation/Bootstrap/BootProviders.php(17): Illuminate\\Foundation\\Application->boot()
#10 /home/omarnafea/projects/moslimani-platform/Dashboard/vendor/laravel/framework/src/Illuminate/Foundation/Application.php(342): Illuminate\\Foundation\\Bootstrap\\BootProviders->bootstrap(Object(Illuminate\\Foundation\\Application))
#11 /home/omarnafea/projects/moslimani-platform/Dashboard/vendor/laravel/framework/src/Illuminate/Foundation/Http/Kernel.php(186): Illuminate\\Foundation\\Application->bootstrapWith(Array)
#12 /home/omarnafea/projects/moslimani-platform/Dashboard/vendor/laravel/framework/src/Illuminate/Foundation/Http/Kernel.php(170): Illuminate\\Foundation\\Http\\Kernel->bootstrap()
#13 /home/omarnafea/projects/moslimani-platform/Dashboard/vendor/laravel/framework/src/Illuminate/Foundation/Http/Kernel.php(144): Illuminate\\Foundation\\Http\\Kernel->sendRequestThroughRouter(Object(Illuminate\\Http\\Request))
#14 /home/omarnafea/projects/moslimani-platform/Dashboard/vendor/laravel/framework/src/Illuminate/Foundation/Application.php(1220): Illuminate\\Foundation\\Http\\Kernel->handle(Object(Illuminate\\Http\\Request))
#15 /home/omarnafea/projects/moslimani-platform/Dashboard/public/index.php(17): Illuminate\\Foundation\\Application->handleRequest(Object(Illuminate\\Http\\Request))
#16 /home/omarnafea/projects/moslimani-platform/Dashboard/vendor/laravel/framework/src/Illuminate/Foundation/resources/server.php(23): require_once('/home/omarnafea...')
#17 {main}
"} 
[2025-11-28 10:19:43] local.ERROR: Class "App\Providers\URL" not found {"exception":"[object] (Error(code: 0): Class \"App\\Providers\\URL\" not found at /home/omarnafea/projects/moslimani-platform/Dashboard/app/Providers/AppServiceProvider.php:23)
[stacktrace]
#0 /home/omarnafea/projects/moslimani-platform/Dashboard/vendor/laravel/framework/src/Illuminate/Container/BoundMethod.php(36): App\\Providers\\AppServiceProvider->boot()
#1 /home/omarnafea/projects/moslimani-platform/Dashboard/vendor/laravel/framework/src/Illuminate/Container/Util.php(43): Illuminate\\Container\\BoundMethod::{closure:Illuminate\\Container\\BoundMethod::call():35}()
#2 /home/omarnafea/projects/moslimani-platform/Dashboard/vendor/laravel/framework/src/Illuminate/Container/BoundMethod.php(96): Illuminate\\Container\\Util::unwrapIfClosure(Object(Closure))
#3 /home/omarnafea/projects/moslimani-platform/Dashboard/vendor/laravel/framework/src/Illuminate/Container/BoundMethod.php(35): Illuminate\\Container\\BoundMethod::callBoundMethod(Object(Illuminate\\Foundation\\Application), Array, Object(Closure))
#4 /home/omarnafea/projects/moslimani-platform/Dashboard/vendor/laravel/framework/src/Illuminate/Container/Container.php(836): Illuminate\\Container\\BoundMethod::call(Object(Illuminate\\Foundation\\Application), Array, Array, NULL)
#5 /home/omarnafea/projects/moslimani-platform/Dashboard/vendor/laravel/framework/src/Illuminate/Foundation/Application.php(1151): Illuminate\\Container\\Container->call(Array)
#6 /home/omarnafea/projects/moslimani-platform/Dashboard/vendor/laravel/framework/src/Illuminate/Foundation/Application.php(1132): Illuminate\\Foundation\\Application->bootProvider(Object(App\\Providers\\AppServiceProvider))
#7 [internal function]: Illuminate\\Foundation\\Application->{closure:Illuminate\\Foundation\\Application::boot():1131}(Object(App\\Providers\\AppServiceProvider), 'App\\\\Providers\\\\A...')
#8 /home/omarnafea/projects/moslimani-platform/Dashboard/vendor/laravel/framework/src/Illuminate/Foundation/Application.php(1131): array_walk(Array, Object(Closure))
#9 /home/omarnafea/projects/moslimani-platform/Dashboard/vendor/laravel/framework/src/Illuminate/Foundation/Bootstrap/BootProviders.php(17): Illuminate\\Foundation\\Application->boot()
#10 /home/omarnafea/projects/moslimani-platform/Dashboard/vendor/laravel/framework/src/Illuminate/Foundation/Application.php(342): Illuminate\\Foundation\\Bootstrap\\BootProviders->bootstrap(Object(Illuminate\\Foundation\\Application))
#11 /home/omarnafea/projects/moslimani-platform/Dashboard/vendor/laravel/framework/src/Illuminate/Foundation/Http/Kernel.php(186): Illuminate\\Foundation\\Application->bootstrapWith(Array)
#12 /home/omarnafea/projects/moslimani-platform/Dashboard/vendor/laravel/framework/src/Illuminate/Foundation/Http/Kernel.php(170): Illuminate\\Foundation\\Http\\Kernel->bootstrap()
#13 /home/omarnafea/projects/moslimani-platform/Dashboard/vendor/laravel/framework/src/Illuminate/Foundation/Http/Kernel.php(144): Illuminate\\Foundation\\Http\\Kernel->sendRequestThroughRouter(Object(Illuminate\\Http\\Request))
#14 /home/omarnafea/projects/moslimani-platform/Dashboard/vendor/laravel/framework/src/Illuminate/Foundation/Application.php(1220): Illuminate\\Foundation\\Http\\Kernel->handle(Object(Illuminate\\Http\\Request))
#15 /home/omarnafea/projects/moslimani-platform/Dashboard/public/index.php(17): Illuminate\\Foundation\\Application->handleRequest(Object(Illuminate\\Http\\Request))
#16 /home/omarnafea/projects/moslimani-platform/Dashboard/vendor/laravel/framework/src/Illuminate/Foundation/resources/server.php(23): require_once('/home/omarnafea...')
#17 {main}
"} 
